<component name="libraryTable">
  <library name="junit-jupiter-api-5.3.0-M1">
    <CLASSES>
      <root url="jar://D:/Java/jdk-10.0.2/lib/junit-jupiter-api-5.3.0-M1.jar!/" />
      <root url="jar://D:/Java/jdk-10.0.2/lib/junit-platform-commons-1.3.0-M1.jar!/" />
    </CLASSES>
    <JAVADOC />
    <SOURCES />
  </library>
</component>